mode: set
github.com/losion445-max/motor-control-hub-v2/pkg/runner/runner.go:50.78,51.29 1 1
github.com/losion445-max/motor-control-hub-v2/pkg/runner/runner.go:51.29,53.3 1 1
github.com/losion445-max/motor-control-hub-v2/pkg/runner/runner.go:54.2,55.23 2 1
github.com/losion445-max/motor-control-hub-v2/pkg/runner/runner.go:55.23,57.3 1 1
github.com/losion445-max/motor-control-hub-v2/pkg/runner/runner.go:59.2,59.27 1 1
github.com/losion445-max/motor-control-hub-v2/pkg/runner/runner.go:59.27,60.10 1 1
github.com/losion445-max/motor-control-hub-v2/pkg/runner/runner.go:61.21,63.20 2 1
github.com/losion445-max/motor-control-hub-v2/pkg/runner/runner.go:64.11,64.11 0 1
github.com/losion445-max/motor-control-hub-v2/pkg/runner/runner.go:68.3,68.16 1 1
github.com/losion445-max/motor-control-hub-v2/pkg/runner/runner.go:68.16,70.4 1 1
github.com/losion445-max/motor-control-hub-v2/pkg/runner/runner.go:72.3,75.21 3 1
github.com/losion445-max/motor-control-hub-v2/pkg/runner/runner.go:76.20,77.68 1 1
github.com/losion445-max/motor-control-hub-v2/pkg/runner/runner.go:77.68,79.5 1 1
github.com/losion445-max/motor-control-hub-v2/pkg/runner/runner.go:81.21,82.62 1 1
github.com/losion445-max/motor-control-hub-v2/pkg/runner/runner.go:82.62,84.5 1 0
github.com/losion445-max/motor-control-hub-v2/pkg/runner/runner.go:86.19,87.40 1 1
github.com/losion445-max/motor-control-hub-v2/pkg/runner/runner.go:87.40,89.5 1 0
github.com/losion445-max/motor-control-hub-v2/pkg/runner/runner.go:92.2,92.12 1 1
github.com/losion445-max/motor-control-hub-v2/pkg/runner/runner.go:97.70,99.24 2 1
github.com/losion445-max/motor-control-hub-v2/pkg/runner/runner.go:99.24,101.3 1 1
github.com/losion445-max/motor-control-hub-v2/pkg/runner/runner.go:102.2,102.24 1 1
github.com/losion445-max/motor-control-hub-v2/pkg/runner/runner.go:102.24,104.3 1 1
github.com/losion445-max/motor-control-hub-v2/pkg/runner/runner.go:105.2,105.8 1 1
github.com/losion445-max/motor-control-hub-v2/pkg/motion/profile.go:51.49,52.42 1 1
github.com/losion445-max/motor-control-hub-v2/pkg/motion/profile.go:52.42,54.3 1 1
github.com/losion445-max/motor-control-hub-v2/pkg/motion/profile.go:57.2,63.19 5 1
github.com/losion445-max/motor-control-hub-v2/pkg/motion/profile.go:63.19,70.3 5 1
github.com/losion445-max/motor-control-hub-v2/pkg/motion/profile.go:70.8,76.3 4 1
github.com/losion445-max/motor-control-hub-v2/pkg/motion/profile.go:78.2,80.10 3 1
github.com/losion445-max/motor-control-hub-v2/pkg/motion/profile.go:84.52,85.9 1 1
github.com/losion445-max/motor-control-hub-v2/pkg/motion/profile.go:86.30,87.11 1 1
github.com/losion445-max/motor-control-hub-v2/pkg/motion/profile.go:88.20,89.11 1 1
github.com/losion445-max/motor-control-hub-v2/pkg/motion/profile.go:90.20,91.21 1 0
github.com/losion445-max/motor-control-hub-v2/pkg/motion/profile.go:92.30,93.16 1 1
github.com/losion445-max/motor-control-hub-v2/pkg/motion/profile.go:94.10,95.51 1 1
github.com/losion445-max/motor-control-hub-v2/pkg/motion/profile.go:100.52,101.9 1 1
github.com/losion445-max/motor-control-hub-v2/pkg/motion/profile.go:102.14,103.11 1 1
github.com/losion445-max/motor-control-hub-v2/pkg/motion/profile.go:104.20,105.16 1 1
github.com/losion445-max/motor-control-hub-v2/pkg/motion/profile.go:106.20,107.31 1 1
github.com/losion445-max/motor-control-hub-v2/pkg/motion/profile.go:108.30,109.51 1 1
github.com/losion445-max/motor-control-hub-v2/pkg/motion/profile.go:110.10,113.47 3 1
github.com/losion445-max/motor-control-hub-v2/pkg/motion/profile.go:126.62,127.44 1 1
github.com/losion445-max/motor-control-hub-v2/pkg/motion/profile.go:127.44,129.3 1 1
github.com/losion445-max/motor-control-hub-v2/pkg/motion/profile.go:130.2,133.44 3 1
github.com/losion445-max/motor-control-hub-v2/pkg/gcode/gcode.go:47.26,47.53 1 1
github.com/losion445-max/motor-control-hub-v2/pkg/gcode/gcode.go:50.26,50.53 1 1
github.com/losion445-max/motor-control-hub-v2/pkg/gcode/gcode.go:55.39,62.21 5 1
github.com/losion445-max/motor-control-hub-v2/pkg/gcode/gcode.go:62.21,65.17 3 1
github.com/losion445-max/motor-control-hub-v2/pkg/gcode/gcode.go:65.17,66.12 1 1
github.com/losion445-max/motor-control-hub-v2/pkg/gcode/gcode.go:69.3,70.17 2 1
github.com/losion445-max/motor-control-hub-v2/pkg/gcode/gcode.go:70.17,72.4 1 0
github.com/losion445-max/motor-control-hub-v2/pkg/gcode/gcode.go:73.3,73.22 1 1
github.com/losion445-max/motor-control-hub-v2/pkg/gcode/gcode.go:73.22,74.12 1 0
github.com/losion445-max/motor-control-hub-v2/pkg/gcode/gcode.go:77.3,78.17 2 1
github.com/losion445-max/motor-control-hub-v2/pkg/gcode/gcode.go:78.17,80.4 1 0
github.com/losion445-max/motor-control-hub-v2/pkg/gcode/gcode.go:81.3,81.22 1 1
github.com/losion445-max/motor-control-hub-v2/pkg/gcode/gcode.go:81.22,83.4 1 1
github.com/losion445-max/motor-control-hub-v2/pkg/gcode/gcode.go:88.3,88.66 1 1
github.com/losion445-max/motor-control-hub-v2/pkg/gcode/gcode.go:88.66,90.4 1 1
github.com/losion445-max/motor-control-hub-v2/pkg/gcode/gcode.go:93.2,93.28 1 1
github.com/losion445-max/motor-control-hub-v2/pkg/gcode/gcode.go:105.32,107.6 1 1
github.com/losion445-max/motor-control-hub-v2/pkg/gcode/gcode.go:107.6,109.15 2 1
github.com/losion445-max/motor-control-hub-v2/pkg/gcode/gcode.go:109.15,110.9 1 1
github.com/losion445-max/motor-control-hub-v2/pkg/gcode/gcode.go:112.3,113.16 2 1
github.com/losion445-max/motor-control-hub-v2/pkg/gcode/gcode.go:113.16,115.9 2 0
github.com/losion445-max/motor-control-hub-v2/pkg/gcode/gcode.go:117.3,117.49 1 1
github.com/losion445-max/motor-control-hub-v2/pkg/gcode/gcode.go:120.2,120.51 1 1
github.com/losion445-max/motor-control-hub-v2/pkg/gcode/gcode.go:120.51,122.3 1 1
github.com/losion445-max/motor-control-hub-v2/pkg/gcode/gcode.go:123.2,123.32 1 1
github.com/losion445-max/motor-control-hub-v2/pkg/gcode/gcode.go:129.44,133.20 4 1
github.com/losion445-max/motor-control-hub-v2/pkg/gcode/gcode.go:133.20,135.30 2 1
github.com/losion445-max/motor-control-hub-v2/pkg/gcode/gcode.go:135.30,137.12 2 1
github.com/losion445-max/motor-control-hub-v2/pkg/gcode/gcode.go:139.3,139.27 1 1
github.com/losion445-max/motor-control-hub-v2/pkg/gcode/gcode.go:139.27,141.12 2 0
github.com/losion445-max/motor-control-hub-v2/pkg/gcode/gcode.go:143.3,147.58 4 1
github.com/losion445-max/motor-control-hub-v2/pkg/gcode/gcode.go:147.58,149.4 1 1
github.com/losion445-max/motor-control-hub-v2/pkg/gcode/gcode.go:150.3,150.79 1 1
github.com/losion445-max/motor-control-hub-v2/pkg/gcode/gcode.go:150.79,152.4 1 1
github.com/losion445-max/motor-control-hub-v2/pkg/gcode/gcode.go:153.3,156.53 3 1
github.com/losion445-max/motor-control-hub-v2/pkg/gcode/gcode.go:156.53,159.4 1 0
github.com/losion445-max/motor-control-hub-v2/pkg/gcode/gcode.go:160.3,161.17 2 1
github.com/losion445-max/motor-control-hub-v2/pkg/gcode/gcode.go:161.17,163.4 1 0
github.com/losion445-max/motor-control-hub-v2/pkg/gcode/gcode.go:164.3,164.43 1 1
github.com/losion445-max/motor-control-hub-v2/pkg/gcode/gcode.go:166.2,166.19 1 1
github.com/losion445-max/motor-control-hub-v2/pkg/gcode/gcode.go:171.66,179.26 3 1
github.com/losion445-max/motor-control-hub-v2/pkg/gcode/gcode.go:179.26,180.19 1 1
github.com/losion445-max/motor-control-hub-v2/pkg/gcode/gcode.go:181.12,183.13 2 1
github.com/losion445-max/motor-control-hub-v2/pkg/gcode/gcode.go:184.11,186.23 2 1
github.com/losion445-max/motor-control-hub-v2/pkg/gcode/gcode.go:187.11,189.24 2 1
github.com/losion445-max/motor-control-hub-v2/pkg/gcode/gcode.go:190.12,192.22 2 1
github.com/losion445-max/motor-control-hub-v2/pkg/gcode/gcode.go:193.12,193.12 0 1
github.com/losion445-max/motor-control-hub-v2/pkg/gcode/gcode.go:196.12,197.19 1 1
github.com/losion445-max/motor-control-hub-v2/pkg/gcode/gcode.go:198.12,199.19 1 1
github.com/losion445-max/motor-control-hub-v2/pkg/gcode/gcode.go:200.12,201.19 1 1
github.com/losion445-max/motor-control-hub-v2/pkg/gcode/gcode.go:202.12,202.12 0 1
github.com/losion445-max/motor-control-hub-v2/pkg/gcode/gcode.go:208.2,208.29 1 1
github.com/losion445-max/motor-control-hub-v2/pkg/robot/kinematics.go:14.50,21.2 1 1
github.com/losion445-max/motor-control-hub-v2/pkg/robot/kinematics.go:25.39,27.2 1 1
github.com/losion445-max/motor-control-hub-v2/pkg/robot/kinematics.go:32.48,34.2 1 1
github.com/losion445-max/motor-control-hub-v2/pkg/robot/kinematics.go:42.49,44.2 1 1
github.com/losion445-max/motor-control-hub-v2/pkg/robot/kinematics.go:49.55,51.2 1 1
github.com/losion445-max/motor-control-hub-v2/pkg/robot/line.go:39.83,40.14 1 0
github.com/losion445-max/motor-control-hub-v2/pkg/robot/line.go:40.14,42.3 1 0
github.com/losion445-max/motor-control-hub-v2/pkg/robot/line.go:44.2,47.16 4 0
github.com/losion445-max/motor-control-hub-v2/pkg/robot/line.go:47.16,50.3 2 0
github.com/losion445-max/motor-control-hub-v2/pkg/robot/line.go:52.2,53.16 2 0
github.com/losion445-max/motor-control-hub-v2/pkg/robot/line.go:53.16,55.3 1 0
github.com/losion445-max/motor-control-hub-v2/pkg/robot/line.go:56.2,61.29 3 0
github.com/losion445-max/motor-control-hub-v2/pkg/robot/line.go:61.29,62.49 1 0
github.com/losion445-max/motor-control-hub-v2/pkg/robot/line.go:62.49,64.4 1 0
github.com/losion445-max/motor-control-hub-v2/pkg/robot/line.go:65.3,65.49 1 0
github.com/losion445-max/motor-control-hub-v2/pkg/robot/line.go:65.49,67.4 1 0
github.com/losion445-max/motor-control-hub-v2/pkg/robot/line.go:71.2,71.29 1 0
github.com/losion445-max/motor-control-hub-v2/pkg/robot/line.go:71.29,72.64 1 0
github.com/losion445-max/motor-control-hub-v2/pkg/robot/line.go:72.64,74.4 1 0
github.com/losion445-max/motor-control-hub-v2/pkg/robot/line.go:75.3,75.36 1 0
github.com/losion445-max/motor-control-hub-v2/pkg/robot/line.go:75.36,77.4 1 0
github.com/losion445-max/motor-control-hub-v2/pkg/robot/line.go:80.2,92.6 9 0
github.com/losion445-max/motor-control-hub-v2/pkg/robot/line.go:92.6,96.10 3 0
github.com/losion445-max/motor-control-hub-v2/pkg/robot/line.go:97.21,99.20 2 0
github.com/losion445-max/motor-control-hub-v2/pkg/robot/line.go:100.11,100.11 0 0
github.com/losion445-max/motor-control-hub-v2/pkg/robot/line.go:103.3,119.17 12 0
github.com/losion445-max/motor-control-hub-v2/pkg/robot/line.go:119.17,122.4 2 0
github.com/losion445-max/motor-control-hub-v2/pkg/robot/line.go:125.3,125.37 1 0
github.com/losion445-max/motor-control-hub-v2/pkg/robot/line.go:125.37,126.31 1 0
github.com/losion445-max/motor-control-hub-v2/pkg/robot/line.go:126.31,128.20 2 0
github.com/losion445-max/motor-control-hub-v2/pkg/robot/line.go:128.20,131.6 2 0
github.com/losion445-max/motor-control-hub-v2/pkg/robot/line.go:132.5,132.15 1 0
github.com/losion445-max/motor-control-hub-v2/pkg/robot/line.go:132.15,135.6 2 0
github.com/losion445-max/motor-control-hub-v2/pkg/robot/line.go:141.3,141.18 1 0
github.com/losion445-max/motor-control-hub-v2/pkg/robot/line.go:141.18,142.17 1 0
github.com/losion445-max/motor-control-hub-v2/pkg/robot/line.go:142.17,145.5 2 0
github.com/losion445-max/motor-control-hub-v2/pkg/robot/line.go:146.4,148.21 3 0
github.com/losion445-max/motor-control-hub-v2/pkg/robot/line.go:148.21,149.81 1 0
github.com/losion445-max/motor-control-hub-v2/pkg/robot/line.go:149.81,151.11 2 0
github.com/losion445-max/motor-control-hub-v2/pkg/robot/line.go:154.4,154.66 1 0
github.com/losion445-max/motor-control-hub-v2/pkg/robot/line.go:154.66,155.10 1 0
github.com/losion445-max/motor-control-hub-v2/pkg/robot/line.go:160.3,160.30 1 0
github.com/losion445-max/motor-control-hub-v2/pkg/robot/line.go:160.30,169.20 5 0
github.com/losion445-max/motor-control-hub-v2/pkg/robot/line.go:169.20,171.5 1 0
github.com/losion445-max/motor-control-hub-v2/pkg/robot/line.go:171.10,171.28 1 0
github.com/losion445-max/motor-control-hub-v2/pkg/robot/line.go:171.28,173.5 1 0
github.com/losion445-max/motor-control-hub-v2/pkg/robot/line.go:175.4,175.75 1 0
github.com/losion445-max/motor-control-hub-v2/pkg/robot/line.go:175.75,178.5 2 0
github.com/losion445-max/motor-control-hub-v2/pkg/robot/line.go:182.3,182.63 1 0
github.com/losion445-max/motor-control-hub-v2/pkg/robot/line.go:182.63,184.4 1 0
github.com/losion445-max/motor-control-hub-v2/pkg/robot/line.go:187.2,187.29 1 0
github.com/losion445-max/motor-control-hub-v2/pkg/robot/line.go:187.29,189.3 1 0
github.com/losion445-max/motor-control-hub-v2/pkg/robot/line.go:190.2,192.12 3 0
github.com/losion445-max/motor-control-hub-v2/pkg/robot/system.go:37.59,40.19 3 0
github.com/losion445-max/motor-control-hub-v2/pkg/robot/system.go:40.19,42.3 1 0
github.com/losion445-max/motor-control-hub-v2/pkg/robot/system.go:43.2,43.10 1 0
github.com/losion445-max/motor-control-hub-v2/pkg/robot/system.go:47.34,47.60 1 0
github.com/losion445-max/motor-control-hub-v2/pkg/robot/system.go:50.32,50.56 1 0
github.com/losion445-max/motor-control-hub-v2/pkg/robot/system.go:59.50,61.29 1 0
github.com/losion445-max/motor-control-hub-v2/pkg/robot/system.go:61.29,62.69 1 0
github.com/losion445-max/motor-control-hub-v2/pkg/robot/system.go:62.69,64.4 1 0
github.com/losion445-max/motor-control-hub-v2/pkg/robot/system.go:68.2,68.29 1 0
github.com/losion445-max/motor-control-hub-v2/pkg/robot/system.go:68.29,69.93 1 0
github.com/losion445-max/motor-control-hub-v2/pkg/robot/system.go:69.93,71.4 1 0
github.com/losion445-max/motor-control-hub-v2/pkg/robot/system.go:72.3,72.36 1 0
github.com/losion445-max/motor-control-hub-v2/pkg/robot/system.go:72.36,74.4 1 0
github.com/losion445-max/motor-control-hub-v2/pkg/robot/system.go:77.2,78.6 2 0
github.com/losion445-max/motor-control-hub-v2/pkg/robot/system.go:78.6,79.10 1 0
github.com/losion445-max/motor-control-hub-v2/pkg/robot/system.go:80.21,82.20 2 0
github.com/losion445-max/motor-control-hub-v2/pkg/robot/system.go:83.11,83.11 0 0
github.com/losion445-max/motor-control-hub-v2/pkg/robot/system.go:86.3,87.30 2 0
github.com/losion445-max/motor-control-hub-v2/pkg/robot/system.go:87.30,88.15 1 0
github.com/losion445-max/motor-control-hub-v2/pkg/robot/system.go:88.15,89.13 1 0
github.com/losion445-max/motor-control-hub-v2/pkg/robot/system.go:91.4,94.18 3 0
github.com/losion445-max/motor-control-hub-v2/pkg/robot/system.go:94.18,97.5 2 0
github.com/losion445-max/motor-control-hub-v2/pkg/robot/system.go:99.4,100.16 2 0
github.com/losion445-max/motor-control-hub-v2/pkg/robot/system.go:100.16,102.5 1 0
github.com/losion445-max/motor-control-hub-v2/pkg/robot/system.go:103.4,103.42 1 0
github.com/losion445-max/motor-control-hub-v2/pkg/robot/system.go:103.42,104.39 1 0
github.com/losion445-max/motor-control-hub-v2/pkg/robot/system.go:104.39,106.6 1 0
github.com/losion445-max/motor-control-hub-v2/pkg/robot/system.go:107.5,108.19 2 0
github.com/losion445-max/motor-control-hub-v2/pkg/robot/system.go:108.19,110.6 1 0
github.com/losion445-max/motor-control-hub-v2/pkg/robot/system.go:111.5,112.19 2 0
github.com/losion445-max/motor-control-hub-v2/pkg/robot/system.go:115.3,115.14 1 0
github.com/losion445-max/motor-control-hub-v2/pkg/robot/system.go:115.14,116.9 1 0
github.com/losion445-max/motor-control-hub-v2/pkg/robot/system.go:118.3,118.36 1 0
github.com/losion445-max/motor-control-hub-v2/pkg/robot/system.go:122.2,126.12 5 0
github.com/losion445-max/motor-control-hub-v2/pkg/robot/system.go:139.81,140.14 1 0
github.com/losion445-max/motor-control-hub-v2/pkg/robot/system.go:140.14,142.3 1 0
github.com/losion445-max/motor-control-hub-v2/pkg/robot/system.go:144.2,146.16 3 0
github.com/losion445-max/motor-control-hub-v2/pkg/robot/system.go:146.16,148.3 1 0
github.com/losion445-max/motor-control-hub-v2/pkg/robot/system.go:153.2,155.19 3 0
github.com/losion445-max/motor-control-hub-v2/pkg/robot/system.go:155.19,158.50 3 0
github.com/losion445-max/motor-control-hub-v2/pkg/robot/system.go:158.50,160.4 1 0
github.com/losion445-max/motor-control-hub-v2/pkg/robot/system.go:163.2,163.20 1 0
github.com/losion445-max/motor-control-hub-v2/pkg/robot/system.go:163.20,166.3 2 0
github.com/losion445-max/motor-control-hub-v2/pkg/robot/system.go:171.2,173.19 3 0
github.com/losion445-max/motor-control-hub-v2/pkg/robot/system.go:173.19,175.20 2 0
github.com/losion445-max/motor-control-hub-v2/pkg/robot/system.go:175.20,177.4 1 0
github.com/losion445-max/motor-control-hub-v2/pkg/robot/system.go:178.3,179.23 2 0
github.com/losion445-max/motor-control-hub-v2/pkg/robot/system.go:179.23,181.4 1 0
github.com/losion445-max/motor-control-hub-v2/pkg/robot/system.go:182.3,182.24 1 0
github.com/losion445-max/motor-control-hub-v2/pkg/robot/system.go:182.24,183.12 1 0
github.com/losion445-max/motor-control-hub-v2/pkg/robot/system.go:185.3,186.37 2 0
github.com/losion445-max/motor-control-hub-v2/pkg/robot/system.go:186.37,188.4 1 0
github.com/losion445-max/motor-control-hub-v2/pkg/robot/system.go:191.2,191.66 1 0
github.com/losion445-max/motor-control-hub-v2/pkg/robot/system.go:202.38,203.29 1 0
github.com/losion445-max/motor-control-hub-v2/pkg/robot/system.go:203.29,204.64 1 0
github.com/losion445-max/motor-control-hub-v2/pkg/robot/system.go:204.64,206.4 1 0
github.com/losion445-max/motor-control-hub-v2/pkg/robot/system.go:207.3,207.58 1 0
github.com/losion445-max/motor-control-hub-v2/pkg/robot/system.go:207.58,209.4 1 0
github.com/losion445-max/motor-control-hub-v2/pkg/robot/system.go:211.2,211.12 1 0
github.com/losion445-max/motor-control-hub-v2/pkg/robot/system.go:218.40,220.29 2 0
github.com/losion445-max/motor-control-hub-v2/pkg/robot/system.go:220.29,221.53 1 0
github.com/losion445-max/motor-control-hub-v2/pkg/robot/system.go:221.53,223.4 1 0
github.com/losion445-max/motor-control-hub-v2/pkg/robot/system.go:225.2,225.14 1 0
github.com/losion445-max/motor-control-hub-v2/pkg/robot/system.go:231.48,233.29 2 0
github.com/losion445-max/motor-control-hub-v2/pkg/robot/system.go:233.29,236.3 2 0
github.com/losion445-max/motor-control-hub-v2/pkg/robot/system.go:237.2,237.12 1 0
github.com/losion445-max/motor-control-hub-v2/pkg/robot/system.go:242.44,242.69 1 0
github.com/losion445-max/motor-control-hub-v2/pkg/robot/system.go:245.31,245.49 1 0
github.com/losion445-max/motor-control-hub-v2/pkg/robot/system.go:257.129,259.29 1 0
github.com/losion445-max/motor-control-hub-v2/pkg/robot/system.go:259.29,261.3 1 0
github.com/losion445-max/motor-control-hub-v2/pkg/robot/system.go:262.2,265.29 3 0
github.com/losion445-max/motor-control-hub-v2/pkg/robot/system.go:265.29,267.17 2 0
github.com/losion445-max/motor-control-hub-v2/pkg/robot/system.go:267.17,269.4 1 0
github.com/losion445-max/motor-control-hub-v2/pkg/robot/system.go:270.3,270.16 1 0
github.com/losion445-max/motor-control-hub-v2/pkg/robot/system.go:275.2,277.30 3 0
github.com/losion445-max/motor-control-hub-v2/pkg/robot/system.go:277.30,280.28 2 0
github.com/losion445-max/motor-control-hub-v2/pkg/robot/system.go:280.28,281.13 1 0
github.com/losion445-max/motor-control-hub-v2/pkg/robot/system.go:281.13,283.5 1 0
github.com/losion445-max/motor-control-hub-v2/pkg/robot/system.go:284.4,284.24 1 0
github.com/losion445-max/motor-control-hub-v2/pkg/robot/system.go:284.24,286.5 1 0
github.com/losion445-max/motor-control-hub-v2/pkg/robot/system.go:288.3,292.30 4 0
github.com/losion445-max/motor-control-hub-v2/pkg/robot/system.go:292.30,293.22 1 0
github.com/losion445-max/motor-control-hub-v2/pkg/robot/system.go:293.22,294.13 1 0
github.com/losion445-max/motor-control-hub-v2/pkg/robot/system.go:296.4,296.50 1 0
github.com/losion445-max/motor-control-hub-v2/pkg/robot/system.go:296.50,298.5 1 0
github.com/losion445-max/motor-control-hub-v2/pkg/robot/system.go:299.4,299.50 1 0
github.com/losion445-max/motor-control-hub-v2/pkg/robot/system.go:299.50,301.5 1 0
github.com/losion445-max/motor-control-hub-v2/pkg/robot/system.go:306.2,306.29 1 0
github.com/losion445-max/motor-control-hub-v2/pkg/robot/system.go:306.29,307.21 1 0
github.com/losion445-max/motor-control-hub-v2/pkg/robot/system.go:307.21,308.12 1 0
github.com/losion445-max/motor-control-hub-v2/pkg/robot/system.go:310.3,311.20 2 0
github.com/losion445-max/motor-control-hub-v2/pkg/robot/system.go:311.20,313.4 1 0
github.com/losion445-max/motor-control-hub-v2/pkg/robot/system.go:314.3,314.81 1 0
github.com/losion445-max/motor-control-hub-v2/pkg/robot/system.go:314.81,316.4 1 0
github.com/losion445-max/motor-control-hub-v2/pkg/robot/system.go:318.2,318.29 1 0
github.com/losion445-max/motor-control-hub-v2/pkg/robot/system.go:318.29,319.21 1 0
github.com/losion445-max/motor-control-hub-v2/pkg/robot/system.go:319.21,320.12 1 0
github.com/losion445-max/motor-control-hub-v2/pkg/robot/system.go:322.3,322.36 1 0
github.com/losion445-max/motor-control-hub-v2/pkg/robot/system.go:322.36,324.4 1 0
github.com/losion445-max/motor-control-hub-v2/pkg/robot/system.go:328.2,329.26 2 0
github.com/losion445-max/motor-control-hub-v2/pkg/robot/system.go:329.26,331.29 2 0
github.com/losion445-max/motor-control-hub-v2/pkg/robot/system.go:331.29,333.4 1 0
github.com/losion445-max/motor-control-hub-v2/pkg/robot/system.go:335.2,335.50 1 0
github.com/losion445-max/motor-control-hub-v2/pkg/robot/system.go:335.50,338.3 1 0
github.com/losion445-max/motor-control-hub-v2/pkg/robot/system.go:340.2,343.6 3 0
github.com/losion445-max/motor-control-hub-v2/pkg/robot/system.go:343.6,344.10 1 0
github.com/losion445-max/motor-control-hub-v2/pkg/robot/system.go:345.21,347.20 2 0
github.com/losion445-max/motor-control-hub-v2/pkg/robot/system.go:348.11,348.11 0 0
github.com/losion445-max/motor-control-hub-v2/pkg/robot/system.go:352.3,353.30 2 0
github.com/losion445-max/motor-control-hub-v2/pkg/robot/system.go:353.30,354.33 1 0
github.com/losion445-max/motor-control-hub-v2/pkg/robot/system.go:354.33,356.13 2 0
github.com/losion445-max/motor-control-hub-v2/pkg/robot/system.go:358.4,361.18 3 0
github.com/losion445-max/motor-control-hub-v2/pkg/robot/system.go:361.18,364.5 2 0
github.com/losion445-max/motor-control-hub-v2/pkg/robot/system.go:365.4,365.18 1 0
github.com/losion445-max/motor-control-hub-v2/pkg/robot/system.go:365.18,368.5 2 0
github.com/losion445-max/motor-control-hub-v2/pkg/robot/system.go:369.4,370.16 2 0
github.com/losion445-max/motor-control-hub-v2/pkg/robot/system.go:370.16,372.5 1 0
github.com/losion445-max/motor-control-hub-v2/pkg/robot/system.go:373.4,373.42 1 0
github.com/losion445-max/motor-control-hub-v2/pkg/robot/system.go:373.42,376.5 2 0
github.com/losion445-max/motor-control-hub-v2/pkg/robot/system.go:378.4,379.20 2 0
github.com/losion445-max/motor-control-hub-v2/pkg/robot/system.go:379.20,381.5 1 0
github.com/losion445-max/motor-control-hub-v2/pkg/robot/system.go:382.4,383.21 2 0
github.com/losion445-max/motor-control-hub-v2/pkg/robot/system.go:383.21,385.5 1 0
github.com/losion445-max/motor-control-hub-v2/pkg/robot/system.go:386.4,392.54 2 0
github.com/losion445-max/motor-control-hub-v2/pkg/robot/system.go:392.54,394.83 2 0
github.com/losion445-max/motor-control-hub-v2/pkg/robot/system.go:394.83,397.6 2 0
github.com/losion445-max/motor-control-hub-v2/pkg/robot/system.go:400.4,400.42 1 0
github.com/losion445-max/motor-control-hub-v2/pkg/robot/system.go:400.42,403.5 2 0
github.com/losion445-max/motor-control-hub-v2/pkg/robot/system.go:406.3,406.14 1 0
github.com/losion445-max/motor-control-hub-v2/pkg/robot/system.go:406.14,407.9 1 0
github.com/losion445-max/motor-control-hub-v2/pkg/robot/system.go:409.3,409.33 1 0
github.com/losion445-max/motor-control-hub-v2/pkg/robot/system.go:412.2,414.12 3 0
github.com/losion445-max/motor-control-hub-v2/pkg/robot/system.go:419.106,420.29 1 0
github.com/losion445-max/motor-control-hub-v2/pkg/robot/system.go:420.29,421.32 1 0
github.com/losion445-max/motor-control-hub-v2/pkg/robot/system.go:421.32,422.12 1 0
github.com/losion445-max/motor-control-hub-v2/pkg/robot/system.go:424.3,424.18 1 0
github.com/losion445-max/motor-control-hub-v2/pkg/robot/system.go:426.2,428.29 2 0
github.com/losion445-max/motor-control-hub-v2/pkg/robot/system.go:428.29,429.32 1 0
github.com/losion445-max/motor-control-hub-v2/pkg/robot/system.go:429.32,430.12 1 0
github.com/losion445-max/motor-control-hub-v2/pkg/robot/system.go:433.3,434.39 2 0
github.com/losion445-max/motor-control-hub-v2/pkg/robot/system.go:434.39,436.4 1 0
github.com/losion445-max/motor-control-hub-v2/pkg/robot/system.go:439.3,439.30 1 0
github.com/losion445-max/motor-control-hub-v2/pkg/robot/system.go:439.30,441.4 1 0
github.com/losion445-max/motor-control-hub-v2/pkg/robot/system.go:442.3,442.22 1 0
github.com/losion445-max/motor-control-hub-v2/pkg/robot/system.go:442.22,444.4 1 0
github.com/losion445-max/motor-control-hub-v2/pkg/robot/system.go:445.3,445.20 1 0
github.com/losion445-max/motor-control-hub-v2/pkg/robot/system.go:445.20,447.4 1 0
github.com/losion445-max/motor-control-hub-v2/pkg/robot/system.go:448.3,448.89 1 0
github.com/losion445-max/motor-control-hub-v2/pkg/robot/system.go:448.89,450.4 1 0
github.com/losion445-max/motor-control-hub-v2/pkg/robot/system.go:451.3,451.36 1 0
github.com/losion445-max/motor-control-hub-v2/pkg/robot/system.go:451.36,453.4 1 0
github.com/losion445-max/motor-control-hub-v2/pkg/robot/system.go:455.2,455.12 1 0
github.com/losion445-max/motor-control-hub-v2/pkg/robot/system.go:462.60,465.29 3 0
github.com/losion445-max/motor-control-hub-v2/pkg/robot/system.go:465.29,467.17 2 0
github.com/losion445-max/motor-control-hub-v2/pkg/robot/system.go:467.17,469.4 1 0
github.com/losion445-max/motor-control-hub-v2/pkg/robot/system.go:470.3,471.46 2 0
github.com/losion445-max/motor-control-hub-v2/pkg/robot/system.go:473.2,473.21 1 0
github.com/losion445-max/motor-control-hub-v2/pkg/robot/system.go:479.56,482.2 2 1
github.com/losion445-max/motor-control-hub-v2/pkg/t3d/bus.go:24.41,32.2 7 0
github.com/losion445-max/motor-control-hub-v2/pkg/t3d/bus.go:35.31,36.44 1 0
github.com/losion445-max/motor-control-hub-v2/pkg/t3d/bus.go:36.44,38.3 1 0
github.com/losion445-max/motor-control-hub-v2/pkg/t3d/bus.go:39.2,40.12 2 0
github.com/losion445-max/motor-control-hub-v2/pkg/t3d/bus.go:44.29,44.57 1 0
github.com/losion445-max/motor-control-hub-v2/pkg/t3d/bus.go:48.68,53.2 4 0
github.com/losion445-max/motor-control-hub-v2/pkg/t3d/bus.go:57.68,63.2 5 0
github.com/losion445-max/motor-control-hub-v2/pkg/t3d/bus.go:66.53,71.2 4 1
github.com/losion445-max/motor-control-hub-v2/pkg/t3d/bus.go:73.38,75.25 2 1
github.com/losion445-max/motor-control-hub-v2/pkg/t3d/bus.go:75.25,77.15 2 1
github.com/losion445-max/motor-control-hub-v2/pkg/t3d/bus.go:77.15,78.18 1 1
github.com/losion445-max/motor-control-hub-v2/pkg/t3d/bus.go:78.18,80.5 1 1
github.com/losion445-max/motor-control-hub-v2/pkg/t3d/bus.go:80.10,82.5 1 1
github.com/losion445-max/motor-control-hub-v2/pkg/t3d/bus.go:85.2,85.12 1 1
github.com/losion445-max/motor-control-hub-v2/pkg/t3d/driver.go:56.55,62.2 2 0
github.com/losion445-max/motor-control-hub-v2/pkg/t3d/driver.go:65.34,65.60 1 0
github.com/losion445-max/motor-control-hub-v2/pkg/t3d/driver.go:68.32,68.56 1 0
github.com/losion445-max/motor-control-hub-v2/pkg/t3d/driver.go:72.38,72.62 1 0
github.com/losion445-max/motor-control-hub-v2/pkg/t3d/driver.go:75.57,75.91 1 0
github.com/losion445-max/motor-control-hub-v2/pkg/t3d/driver.go:78.55,78.97 1 0
github.com/losion445-max/motor-control-hub-v2/pkg/t3d/driver.go:81.71,83.2 1 0
github.com/losion445-max/motor-control-hub-v2/pkg/t3d/driver.go:86.60,86.97 1 0
github.com/losion445-max/motor-control-hub-v2/pkg/t3d/driver.go:89.48,89.79 1 0
github.com/losion445-max/motor-control-hub-v2/pkg/t3d/driver.go:92.48,92.79 1 0
github.com/losion445-max/motor-control-hub-v2/pkg/t3d/driver.go:95.53,95.96 1 0
github.com/losion445-max/motor-control-hub-v2/pkg/t3d/driver.go:99.66,100.42 1 0
github.com/losion445-max/motor-control-hub-v2/pkg/t3d/driver.go:100.42,102.3 1 0
github.com/losion445-max/motor-control-hub-v2/pkg/t3d/driver.go:103.2,104.87 2 0
github.com/losion445-max/motor-control-hub-v2/pkg/t3d/driver.go:104.87,106.3 1 0
github.com/losion445-max/motor-control-hub-v2/pkg/t3d/driver.go:107.2,107.12 1 0
github.com/losion445-max/motor-control-hub-v2/pkg/t3d/driver.go:107.12,109.3 1 0
github.com/losion445-max/motor-control-hub-v2/pkg/t3d/driver.go:110.2,110.12 1 0
github.com/losion445-max/motor-control-hub-v2/pkg/t3d/driver.go:114.38,114.65 1 0
github.com/losion445-max/motor-control-hub-v2/pkg/t3d/driver.go:117.39,117.67 1 0
github.com/losion445-max/motor-control-hub-v2/pkg/t3d/driver.go:121.37,121.68 1 0
github.com/losion445-max/motor-control-hub-v2/pkg/t3d/driver.go:125.40,127.2 1 0
github.com/losion445-max/motor-control-hub-v2/pkg/t3d/driver.go:131.33,131.51 1 0
github.com/losion445-max/motor-control-hub-v2/pkg/t3d/driver.go:135.29,135.45 1 0
github.com/losion445-max/motor-control-hub-v2/pkg/t3d/driver.go:138.34,140.2 1 0
github.com/losion445-max/motor-control-hub-v2/pkg/t3d/motor.go:44.46,46.2 1 0
github.com/losion445-max/motor-control-hub-v2/pkg/t3d/motor.go:51.59,53.57 2 0
github.com/losion445-max/motor-control-hub-v2/pkg/t3d/motor.go:53.57,55.15 2 0
github.com/losion445-max/motor-control-hub-v2/pkg/t3d/motor.go:55.15,57.4 1 0
github.com/losion445-max/motor-control-hub-v2/pkg/t3d/motor.go:58.3,59.13 2 0
github.com/losion445-max/motor-control-hub-v2/pkg/t3d/motor.go:61.2,61.15 1 0
github.com/losion445-max/motor-control-hub-v2/pkg/t3d/motor.go:65.44,68.2 2 0
github.com/losion445-max/motor-control-hub-v2/pkg/t3d/motor.go:73.50,75.57 2 0
github.com/losion445-max/motor-control-hub-v2/pkg/t3d/motor.go:75.57,77.15 2 0
github.com/losion445-max/motor-control-hub-v2/pkg/t3d/motor.go:77.15,79.4 1 0
github.com/losion445-max/motor-control-hub-v2/pkg/t3d/motor.go:80.3,82.13 3 0
github.com/losion445-max/motor-control-hub-v2/pkg/t3d/motor.go:84.2,84.48 1 0
github.com/losion445-max/motor-control-hub-v2/pkg/t3d/motor.go:88.47,90.2 1 0
github.com/losion445-max/motor-control-hub-v2/pkg/t3d/motor.go:95.48,98.2 2 0
github.com/losion445-max/motor-control-hub-v2/pkg/t3d/motor.go:101.45,103.2 1 0
github.com/losion445-max/motor-control-hub-v2/pkg/t3d/motor.go:106.47,108.57 2 0
github.com/losion445-max/motor-control-hub-v2/pkg/t3d/motor.go:108.57,110.54 2 0
github.com/losion445-max/motor-control-hub-v2/pkg/t3d/motor.go:110.54,112.4 1 0
github.com/losion445-max/motor-control-hub-v2/pkg/t3d/motor.go:113.3,113.54 1 0
github.com/losion445-max/motor-control-hub-v2/pkg/t3d/motor.go:113.54,115.4 1 0
github.com/losion445-max/motor-control-hub-v2/pkg/t3d/motor.go:116.3,116.54 1 0
github.com/losion445-max/motor-control-hub-v2/pkg/t3d/motor.go:116.54,118.4 1 0
github.com/losion445-max/motor-control-hub-v2/pkg/t3d/motor.go:119.3,119.54 1 0
github.com/losion445-max/motor-control-hub-v2/pkg/t3d/motor.go:119.54,121.4 1 0
github.com/losion445-max/motor-control-hub-v2/pkg/t3d/motor.go:122.3,122.54 1 0
github.com/losion445-max/motor-control-hub-v2/pkg/t3d/motor.go:122.54,124.4 1 0
github.com/losion445-max/motor-control-hub-v2/pkg/t3d/motor.go:126.3,126.68 1 0
github.com/losion445-max/motor-control-hub-v2/pkg/t3d/motor.go:126.68,128.4 1 0
github.com/losion445-max/motor-control-hub-v2/pkg/t3d/motor.go:129.3,129.13 1 0
github.com/losion445-max/motor-control-hub-v2/pkg/t3d/motor.go:131.2,131.16 1 0
github.com/losion445-max/motor-control-hub-v2/pkg/t3d/motor.go:131.16,133.3 1 0
github.com/losion445-max/motor-control-hub-v2/pkg/t3d/motor.go:135.2,135.46 1 0
github.com/losion445-max/motor-control-hub-v2/pkg/t3d/motor.go:135.46,137.3 1 0
github.com/losion445-max/motor-control-hub-v2/pkg/t3d/motor.go:139.2,157.8 3 0
github.com/losion445-max/motor-control-hub-v2/pkg/t3d/motor.go:163.56,165.57 2 0
github.com/losion445-max/motor-control-hub-v2/pkg/t3d/motor.go:165.57,167.15 2 0
github.com/losion445-max/motor-control-hub-v2/pkg/t3d/motor.go:167.15,169.4 1 0
github.com/losion445-max/motor-control-hub-v2/pkg/t3d/motor.go:170.3,171.13 2 0
github.com/losion445-max/motor-control-hub-v2/pkg/t3d/motor.go:173.2,173.15 1 0
github.com/losion445-max/motor-control-hub-v2/pkg/t3d/motor.go:178.54,179.57 1 0
github.com/losion445-max/motor-control-hub-v2/pkg/t3d/motor.go:179.57,181.15 2 0
github.com/losion445-max/motor-control-hub-v2/pkg/t3d/motor.go:181.15,183.4 1 0
github.com/losion445-max/motor-control-hub-v2/pkg/t3d/motor.go:184.3,184.13 1 0
github.com/losion445-max/motor-control-hub-v2/pkg/t3d/motor.go:189.70,190.57 1 0
github.com/losion445-max/motor-control-hub-v2/pkg/t3d/motor.go:190.57,192.28 2 0
github.com/losion445-max/motor-control-hub-v2/pkg/t3d/motor.go:192.28,194.4 1 0
github.com/losion445-max/motor-control-hub-v2/pkg/t3d/motor.go:195.3,196.15 2 0
github.com/losion445-max/motor-control-hub-v2/pkg/t3d/motor.go:196.15,198.4 1 0
github.com/losion445-max/motor-control-hub-v2/pkg/t3d/motor.go:199.3,199.13 1 0
github.com/losion445-max/motor-control-hub-v2/pkg/t3d/motor.go:204.47,207.26 3 0
github.com/losion445-max/motor-control-hub-v2/pkg/t3d/motor.go:207.26,209.17 2 0
github.com/losion445-max/motor-control-hub-v2/pkg/t3d/motor.go:209.17,211.4 1 0
github.com/losion445-max/motor-control-hub-v2/pkg/t3d/motor.go:212.3,212.14 1 0
github.com/losion445-max/motor-control-hub-v2/pkg/t3d/motor.go:214.2,220.8 1 0
github.com/losion445-max/motor-control-hub-v2/pkg/t3d/motor.go:227.52,234.4 1 0
github.com/losion445-max/motor-control-hub-v2/pkg/t3d/motor.go:234.4,235.48 1 0
github.com/losion445-max/motor-control-hub-v2/pkg/t3d/motor.go:235.48,237.4 1 0
github.com/losion445-max/motor-control-hub-v2/pkg/t3d/motor.go:239.2,239.12 1 0
github.com/losion445-max/motor-control-hub-v2/pkg/t3d/motor.go:245.32,247.16 2 0
github.com/losion445-max/motor-control-hub-v2/pkg/t3d/motor.go:247.16,249.3 1 0
github.com/losion445-max/motor-control-hub-v2/pkg/t3d/motor.go:250.2,250.38 1 0
github.com/losion445-max/motor-control-hub-v2/pkg/t3d/motor.go:250.38,252.3 1 0
github.com/losion445-max/motor-control-hub-v2/pkg/t3d/motor.go:253.2,253.12 1 0
github.com/losion445-max/motor-control-hub-v2/pkg/t3d/motor.go:258.33,260.16 2 0
github.com/losion445-max/motor-control-hub-v2/pkg/t3d/motor.go:260.16,262.3 1 0
github.com/losion445-max/motor-control-hub-v2/pkg/t3d/motor.go:263.2,263.38 1 0
github.com/losion445-max/motor-control-hub-v2/pkg/t3d/motor.go:263.38,265.3 1 0
github.com/losion445-max/motor-control-hub-v2/pkg/t3d/motor.go:266.2,266.12 1 0
github.com/losion445-max/motor-control-hub-v2/pkg/t3d/motor.go:271.36,273.16 2 0
github.com/losion445-max/motor-control-hub-v2/pkg/t3d/motor.go:273.16,275.3 1 0
github.com/losion445-max/motor-control-hub-v2/pkg/t3d/motor.go:276.2,276.38 1 0
github.com/losion445-max/motor-control-hub-v2/pkg/t3d/motor.go:276.38,278.3 1 0
github.com/losion445-max/motor-control-hub-v2/pkg/t3d/motor.go:279.2,279.12 1 0
github.com/losion445-max/motor-control-hub-v2/pkg/t3d/motor.go:287.41,288.36 1 0
github.com/losion445-max/motor-control-hub-v2/pkg/t3d/motor.go:288.36,290.3 1 0
github.com/losion445-max/motor-control-hub-v2/pkg/t3d/motor.go:291.2,292.76 2 0
github.com/losion445-max/motor-control-hub-v2/pkg/t3d/motor.go:292.76,294.3 1 0
github.com/losion445-max/motor-control-hub-v2/pkg/t3d/motor.go:295.2,295.19 1 0
github.com/losion445-max/motor-control-hub-v2/pkg/t3d/motor.go:307.47,308.13 1 0
github.com/losion445-max/motor-control-hub-v2/pkg/t3d/motor.go:308.13,310.3 1 0
github.com/losion445-max/motor-control-hub-v2/pkg/t3d/motor.go:311.2,311.15 1 0
github.com/losion445-max/motor-control-hub-v2/pkg/t3d/motor.go:311.15,313.3 1 0
github.com/losion445-max/motor-control-hub-v2/pkg/t3d/motor.go:314.2,314.52 1 0
github.com/losion445-max/motor-control-hub-v2/pkg/t3d/motor.go:320.51,321.19 1 0
github.com/losion445-max/motor-control-hub-v2/pkg/t3d/motor.go:321.19,323.3 1 0
github.com/losion445-max/motor-control-hub-v2/pkg/t3d/motor.go:324.2,324.23 1 0
github.com/losion445-max/motor-control-hub-v2/pkg/t3d/motor.go:324.23,326.3 1 0
github.com/losion445-max/motor-control-hub-v2/pkg/t3d/motor.go:327.2,327.56 1 0
github.com/losion445-max/motor-control-hub-v2/pkg/t3d/motor.go:333.51,334.19 1 0
github.com/losion445-max/motor-control-hub-v2/pkg/t3d/motor.go:334.19,336.3 1 0
github.com/losion445-max/motor-control-hub-v2/pkg/t3d/motor.go:337.2,337.23 1 0
github.com/losion445-max/motor-control-hub-v2/pkg/t3d/motor.go:337.23,339.3 1 0
github.com/losion445-max/motor-control-hub-v2/pkg/t3d/motor.go:340.2,340.56 1 0
github.com/losion445-max/motor-control-hub-v2/pkg/t3d/motor.go:357.85,358.19 1 0
github.com/losion445-max/motor-control-hub-v2/pkg/t3d/motor.go:358.19,360.3 1 0
github.com/losion445-max/motor-control-hub-v2/pkg/t3d/motor.go:361.2,361.17 1 0
github.com/losion445-max/motor-control-hub-v2/pkg/t3d/motor.go:361.17,363.3 1 0
github.com/losion445-max/motor-control-hub-v2/pkg/t3d/motor.go:365.2,366.19 2 0
github.com/losion445-max/motor-control-hub-v2/pkg/t3d/motor.go:366.19,368.3 1 0
github.com/losion445-max/motor-control-hub-v2/pkg/t3d/motor.go:370.2,371.16 2 0
github.com/losion445-max/motor-control-hub-v2/pkg/t3d/motor.go:371.16,373.3 1 0
github.com/losion445-max/motor-control-hub-v2/pkg/t3d/motor.go:379.2,380.20 2 0
github.com/losion445-max/motor-control-hub-v2/pkg/t3d/motor.go:380.20,382.3 1 0
github.com/losion445-max/motor-control-hub-v2/pkg/t3d/motor.go:383.2,383.28 1 0
github.com/losion445-max/motor-control-hub-v2/pkg/t3d/motor.go:383.28,385.3 1 0
github.com/losion445-max/motor-control-hub-v2/pkg/t3d/motor.go:388.2,388.36 1 0
github.com/losion445-max/motor-control-hub-v2/pkg/t3d/motor.go:388.36,390.3 1 0
github.com/losion445-max/motor-control-hub-v2/pkg/t3d/motor.go:391.2,394.16 3 0
github.com/losion445-max/motor-control-hub-v2/pkg/t3d/motor.go:394.16,396.3 1 0
github.com/losion445-max/motor-control-hub-v2/pkg/t3d/motor.go:398.2,398.84 1 0
github.com/losion445-max/motor-control-hub-v2/pkg/t3d/motor.go:398.84,400.3 1 0
github.com/losion445-max/motor-control-hub-v2/pkg/t3d/motor.go:401.2,401.35 1 0
github.com/losion445-max/motor-control-hub-v2/pkg/t3d/motor.go:401.35,403.3 1 0
github.com/losion445-max/motor-control-hub-v2/pkg/t3d/motor.go:405.2,407.6 2 0
github.com/losion445-max/motor-control-hub-v2/pkg/t3d/motor.go:407.6,408.10 1 0
github.com/losion445-max/motor-control-hub-v2/pkg/t3d/motor.go:409.21,411.20 2 0
github.com/losion445-max/motor-control-hub-v2/pkg/t3d/motor.go:412.11,412.11 0 0
github.com/losion445-max/motor-control-hub-v2/pkg/t3d/motor.go:415.3,416.17 2 0
github.com/losion445-max/motor-control-hub-v2/pkg/t3d/motor.go:416.17,419.4 2 0
github.com/losion445-max/motor-control-hub-v2/pkg/t3d/motor.go:420.3,420.17 1 0
github.com/losion445-max/motor-control-hub-v2/pkg/t3d/motor.go:420.17,423.4 2 0
github.com/losion445-max/motor-control-hub-v2/pkg/t3d/motor.go:424.3,425.15 2 0
github.com/losion445-max/motor-control-hub-v2/pkg/t3d/motor.go:425.15,427.4 1 0
github.com/losion445-max/motor-control-hub-v2/pkg/t3d/motor.go:428.3,428.36 1 0
github.com/losion445-max/motor-control-hub-v2/pkg/t3d/motor.go:428.36,431.4 2 0
github.com/losion445-max/motor-control-hub-v2/pkg/t3d/motor.go:433.3,434.19 2 0
github.com/losion445-max/motor-control-hub-v2/pkg/t3d/motor.go:434.19,436.4 1 0
github.com/losion445-max/motor-control-hub-v2/pkg/t3d/motor.go:437.3,439.43 2 0
github.com/losion445-max/motor-control-hub-v2/pkg/t3d/motor.go:439.43,444.18 5 0
github.com/losion445-max/motor-control-hub-v2/pkg/t3d/motor.go:444.18,446.5 1 0
github.com/losion445-max/motor-control-hub-v2/pkg/t3d/motor.go:447.4,448.18 2 0
github.com/losion445-max/motor-control-hub-v2/pkg/t3d/motor.go:451.3,451.33 1 0
github.com/losion445-max/motor-control-hub-v2/pkg/t3d/motor.go:451.33,452.9 1 0
github.com/losion445-max/motor-control-hub-v2/pkg/t3d/motor.go:455.3,455.31 1 0
github.com/losion445-max/motor-control-hub-v2/pkg/t3d/motor.go:458.2,458.36 1 0
github.com/losion445-max/motor-control-hub-v2/pkg/t3d/motor.go:458.36,460.3 1 0
github.com/losion445-max/motor-control-hub-v2/pkg/t3d/motor.go:463.2,464.49 2 0
github.com/losion445-max/motor-control-hub-v2/pkg/t3d/motor.go:475.91,476.45 1 0
github.com/losion445-max/motor-control-hub-v2/pkg/t3d/motor.go:476.45,478.3 1 0
github.com/losion445-max/motor-control-hub-v2/pkg/t3d/motor.go:480.2,480.6 1 0
github.com/losion445-max/motor-control-hub-v2/pkg/t3d/motor.go:480.6,481.10 1 0
github.com/losion445-max/motor-control-hub-v2/pkg/t3d/motor.go:482.21,484.20 2 0
github.com/losion445-max/motor-control-hub-v2/pkg/t3d/motor.go:485.11,485.11 0 0
github.com/losion445-max/motor-control-hub-v2/pkg/t3d/motor.go:488.3,489.17 2 0
github.com/losion445-max/motor-control-hub-v2/pkg/t3d/motor.go:489.17,492.4 2 0
github.com/losion445-max/motor-control-hub-v2/pkg/t3d/motor.go:493.3,493.17 1 0
github.com/losion445-max/motor-control-hub-v2/pkg/t3d/motor.go:493.17,496.4 2 0
github.com/losion445-max/motor-control-hub-v2/pkg/t3d/motor.go:498.3,499.15 2 0
github.com/losion445-max/motor-control-hub-v2/pkg/t3d/motor.go:499.15,501.4 1 0
github.com/losion445-max/motor-control-hub-v2/pkg/t3d/motor.go:502.3,502.32 1 0
github.com/losion445-max/motor-control-hub-v2/pkg/t3d/motor.go:502.32,504.4 1 0
github.com/losion445-max/motor-control-hub-v2/pkg/t3d/motor.go:506.3,506.36 1 0
github.com/losion445-max/motor-control-hub-v2/pkg/t3d/motor.go:514.86,516.2 1 0
github.com/losion445-max/motor-control-hub-v2/pkg/t3d/motor.go:526.86,528.56 2 0
github.com/losion445-max/motor-control-hub-v2/pkg/t3d/motor.go:528.56,530.65 2 0
github.com/losion445-max/motor-control-hub-v2/pkg/t3d/motor.go:530.65,532.4 1 0
github.com/losion445-max/motor-control-hub-v2/pkg/t3d/motor.go:535.3,535.65 1 0
github.com/losion445-max/motor-control-hub-v2/pkg/t3d/motor.go:535.65,537.4 1 0
github.com/losion445-max/motor-control-hub-v2/pkg/t3d/motor.go:538.3,538.13 1 0
github.com/losion445-max/motor-control-hub-v2/pkg/t3d/motor.go:540.2,540.16 1 0
github.com/losion445-max/motor-control-hub-v2/pkg/t3d/motor.go:540.16,542.3 1 0
github.com/losion445-max/motor-control-hub-v2/pkg/t3d/motor.go:543.2,548.8 6 0
github.com/losion445-max/motor-control-hub-v2/pkg/t3d/motor.go:555.71,557.16 2 0
github.com/losion445-max/motor-control-hub-v2/pkg/t3d/motor.go:557.16,559.3 1 0
github.com/losion445-max/motor-control-hub-v2/pkg/t3d/motor.go:561.2,563.16 3 0
github.com/losion445-max/motor-control-hub-v2/pkg/t3d/motor.go:563.16,565.3 1 0
github.com/losion445-max/motor-control-hub-v2/pkg/t3d/motor.go:566.2,566.30 1 0
github.com/losion445-max/motor-control-hub-v2/pkg/t3d/motor.go:566.30,568.3 1 0
github.com/losion445-max/motor-control-hub-v2/pkg/t3d/motor.go:570.2,571.19 2 0
github.com/losion445-max/motor-control-hub-v2/pkg/t3d/motor.go:571.19,573.3 1 0
github.com/losion445-max/motor-control-hub-v2/pkg/t3d/motor.go:574.2,574.80 1 0
github.com/losion445-max/motor-control-hub-v2/pkg/t3d/motor.go:574.80,576.3 1 0
github.com/losion445-max/motor-control-hub-v2/pkg/t3d/motor.go:577.2,577.35 1 0
github.com/losion445-max/motor-control-hub-v2/pkg/t3d/motor.go:577.35,579.3 1 0
github.com/losion445-max/motor-control-hub-v2/pkg/t3d/motor.go:581.2,581.6 1 0
github.com/losion445-max/motor-control-hub-v2/pkg/t3d/motor.go:581.6,582.10 1 0
github.com/losion445-max/motor-control-hub-v2/pkg/t3d/motor.go:583.21,585.20 2 0
github.com/losion445-max/motor-control-hub-v2/pkg/t3d/motor.go:586.11,586.11 0 0
github.com/losion445-max/motor-control-hub-v2/pkg/t3d/motor.go:589.3,590.17 2 0
github.com/losion445-max/motor-control-hub-v2/pkg/t3d/motor.go:590.17,593.4 2 0
github.com/losion445-max/motor-control-hub-v2/pkg/t3d/motor.go:594.3,594.17 1 0
github.com/losion445-max/motor-control-hub-v2/pkg/t3d/motor.go:594.17,597.4 2 0
github.com/losion445-max/motor-control-hub-v2/pkg/t3d/motor.go:599.3,600.20 2 0
github.com/losion445-max/motor-control-hub-v2/pkg/t3d/motor.go:600.20,602.4 1 0
github.com/losion445-max/motor-control-hub-v2/pkg/t3d/motor.go:603.3,603.33 1 0
github.com/losion445-max/motor-control-hub-v2/pkg/t3d/motor.go:603.33,604.9 1 0
github.com/losion445-max/motor-control-hub-v2/pkg/t3d/motor.go:606.3,606.31 1 0
github.com/losion445-max/motor-control-hub-v2/pkg/t3d/motor.go:609.2,609.20 1 0
github.com/losion445-max/motor-control-hub-v2/pkg/api/handler.go:41.44,41.59 1 1
github.com/losion445-max/motor-control-hub-v2/pkg/api/handler.go:69.72,71.2 1 1
github.com/losion445-max/motor-control-hub-v2/pkg/api/handler.go:74.69,76.16 2 1
github.com/losion445-max/motor-control-hub-v2/pkg/api/handler.go:76.16,79.3 2 0
github.com/losion445-max/motor-control-hub-v2/pkg/api/handler.go:80.2,94.12 8 1
github.com/losion445-max/motor-control-hub-v2/pkg/api/handler.go:94.12,95.7 1 1
github.com/losion445-max/motor-control-hub-v2/pkg/api/handler.go:95.7,96.11 1 1
github.com/losion445-max/motor-control-hub-v2/pkg/api/handler.go:97.22,98.11 1 1
github.com/losion445-max/motor-control-hub-v2/pkg/api/handler.go:99.26,100.12 1 0
github.com/losion445-max/motor-control-hub-v2/pkg/api/handler.go:101.61,101.61 0 0
github.com/losion445-max/motor-control-hub-v2/pkg/api/handler.go:102.13,102.13 0 0
github.com/losion445-max/motor-control-hub-v2/pkg/api/handler.go:109.2,109.12 1 1
github.com/losion445-max/motor-control-hub-v2/pkg/api/handler.go:109.12,110.7 1 1
github.com/losion445-max/motor-control-hub-v2/pkg/api/handler.go:110.7,111.11 1 1
github.com/losion445-max/motor-control-hub-v2/pkg/api/handler.go:112.22,113.11 1 1
github.com/losion445-max/motor-control-hub-v2/pkg/api/handler.go:114.23,115.47 1 1
github.com/losion445-max/motor-control-hub-v2/pkg/api/handler.go:115.47,118.6 2 0
github.com/losion445-max/motor-control-hub-v2/pkg/api/handler.go:124.2,124.6 1 1
github.com/losion445-max/motor-control-hub-v2/pkg/api/handler.go:124.6,126.17 2 1
github.com/losion445-max/motor-control-hub-v2/pkg/api/handler.go:126.17,129.4 2 1
github.com/losion445-max/motor-control-hub-v2/pkg/api/handler.go:130.3,131.50 2 1
github.com/losion445-max/motor-control-hub-v2/pkg/api/handler.go:131.50,132.11 1 1
github.com/losion445-max/motor-control-hub-v2/pkg/api/handler.go:133.86,133.86 0 1
github.com/losion445-max/motor-control-hub-v2/pkg/api/handler.go:134.22,134.22 0 0
github.com/losion445-max/motor-control-hub-v2/pkg/api/handler.go:136.4,136.12 1 1
github.com/losion445-max/motor-control-hub-v2/pkg/api/handler.go:139.3,142.22 2 1
github.com/losion445-max/motor-control-hub-v2/pkg/api/handler.go:142.22,145.4 2 1
github.com/losion445-max/motor-control-hub-v2/pkg/api/handler.go:147.3,147.22 1 1
github.com/losion445-max/motor-control-hub-v2/pkg/api/handler.go:147.22,148.25 1 1
github.com/losion445-max/motor-control-hub-v2/pkg/api/handler.go:148.25,149.12 1 1
github.com/losion445-max/motor-control-hub-v2/pkg/api/handler.go:150.90,150.90 0 1
github.com/losion445-max/motor-control-hub-v2/pkg/api/handler.go:151.23,152.12 1 0
github.com/losion445-max/motor-control-hub-v2/pkg/api/handler.go:159.86,160.17 1 1
github.com/losion445-max/motor-control-hub-v2/pkg/api/handler.go:161.14,162.29 1 1
github.com/losion445-max/motor-control-hub-v2/pkg/api/handler.go:164.14,166.15 2 1
github.com/losion445-max/motor-control-hub-v2/pkg/api/handler.go:166.15,168.4 1 1
github.com/losion445-max/motor-control-hub-v2/pkg/api/handler.go:169.3,169.43 1 1
github.com/losion445-max/motor-control-hub-v2/pkg/api/handler.go:171.14,173.15 2 1
github.com/losion445-max/motor-control-hub-v2/pkg/api/handler.go:173.15,175.4 1 0
github.com/losion445-max/motor-control-hub-v2/pkg/api/handler.go:176.3,176.43 1 1
github.com/losion445-max/motor-control-hub-v2/pkg/api/handler.go:178.15,179.49 1 1
github.com/losion445-max/motor-control-hub-v2/pkg/api/handler.go:181.14,182.39 1 1
github.com/losion445-max/motor-control-hub-v2/pkg/api/handler.go:182.39,184.4 1 0
github.com/losion445-max/motor-control-hub-v2/pkg/api/handler.go:184.9,186.4 1 1
github.com/losion445-max/motor-control-hub-v2/pkg/api/handler.go:188.22,189.46 1 1
github.com/losion445-max/motor-control-hub-v2/pkg/api/handler.go:189.46,191.4 1 0
github.com/losion445-max/motor-control-hub-v2/pkg/api/handler.go:191.9,193.4 1 1
github.com/losion445-max/motor-control-hub-v2/pkg/api/handler.go:195.16,199.4 1 1
github.com/losion445-max/motor-control-hub-v2/pkg/api/handler.go:201.10,202.88 1 1
github.com/losion445-max/motor-control-hub-v2/pkg/api/server.go:13.54,16.73 3 0
github.com/losion445-max/motor-control-hub-v2/pkg/api/server.go:16.73,18.3 1 0
github.com/losion445-max/motor-control-hub-v2/pkg/api/server.go:20.2,26.3 1 0
github.com/losion445-max/motor-control-hub-v2/pkg/api/server.go:30.60,32.2 1 0
github.com/losion445-max/motor-control-hub-v2/cmd/server/main.go:31.13,37.16 4 0
github.com/losion445-max/motor-control-hub-v2/cmd/server/main.go:37.16,39.3 1 0
github.com/losion445-max/motor-control-hub-v2/cmd/server/main.go:42.2,48.38 5 0
github.com/losion445-max/motor-control-hub-v2/cmd/server/main.go:48.38,51.3 2 0
github.com/losion445-max/motor-control-hub-v2/cmd/server/main.go:52.2,72.12 11 0
github.com/losion445-max/motor-control-hub-v2/cmd/server/main.go:72.12,78.77 2 0
github.com/losion445-max/motor-control-hub-v2/cmd/server/main.go:78.77,81.4 2 0
github.com/losion445-max/motor-control-hub-v2/cmd/server/main.go:84.2,89.51 5 0
github.com/losion445-max/motor-control-hub-v2/cmd/server/main.go:89.51,91.3 1 0
github.com/losion445-max/motor-control-hub-v2/cmd/server/main.go:92.2,92.44 1 0
github.com/losion445-max/motor-control-hub-v2/cmd/server/main.go:92.44,94.3 1 0
github.com/losion445-max/motor-control-hub-v2/cmd/server/main.go:95.2,95.19 1 0
github.com/losion445-max/motor-control-hub-v2/cmd/server/main.go:99.39,101.15 2 0
github.com/losion445-max/motor-control-hub-v2/cmd/server/main.go:102.15,103.24 1 0
github.com/losion445-max/motor-control-hub-v2/cmd/server/main.go:104.14,105.23 1 0
github.com/losion445-max/motor-control-hub-v2/cmd/server/main.go:106.15,107.24 1 0
github.com/losion445-max/motor-control-hub-v2/cmd/server/main.go:108.10,109.23 1 0
github.com/losion445-max/motor-control-hub-v2/cmd/server/main.go:112.2,114.22 3 0
github.com/losion445-max/motor-control-hub-v2/cmd/server/main.go:114.22,116.3 1 0
github.com/losion445-max/motor-control-hub-v2/cmd/server/main.go:116.8,118.3 1 0
github.com/losion445-max/motor-control-hub-v2/cmd/server/main.go:119.2,119.36 1 0
github.com/losion445-max/motor-control-hub-v2/cmd/server/main.go:123.51,154.2 1 0
github.com/losion445-max/motor-control-hub-v2/md/test/main.go:11.13,17.34 5 0
github.com/losion445-max/motor-control-hub-v2/md/test/main.go:17.34,19.3 1 0
github.com/losion445-max/motor-control-hub-v2/md/test/main.go:21.2,22.41 2 0
github.com/losion445-max/motor-control-hub-v2/md/test/main.go:22.41,24.3 1 0
github.com/losion445-max/motor-control-hub-v2/md/test/main.go:25.2,29.29 3 0
github.com/losion445-max/motor-control-hub-v2/md/test/main.go:29.29,33.18 2 0
github.com/losion445-max/motor-control-hub-v2/md/test/main.go:33.18,34.48 1 0
github.com/losion445-max/motor-control-hub-v2/md/test/main.go:34.48,36.13 2 0
github.com/losion445-max/motor-control-hub-v2/md/test/main.go:38.4,38.57 1 0
github.com/losion445-max/motor-control-hub-v2/md/test/main.go:39.9,41.59 1 0
github.com/losion445-max/motor-control-hub-v2/md/test/main.go:41.59,43.13 2 0
github.com/losion445-max/motor-control-hub-v2/md/test/main.go:45.4,45.65 1 0
github.com/losion445-max/motor-control-hub-v2/md/test/main.go:49.2,49.82 1 0
github.com/losion445-max/motor-control-hub-v2/cmd/tui/main.go:97.62,100.16 3 0
github.com/losion445-max/motor-control-hub-v2/cmd/tui/main.go:100.16,102.3 1 0
github.com/losion445-max/motor-control-hub-v2/cmd/tui/main.go:103.2,110.3 1 0
github.com/losion445-max/motor-control-hub-v2/cmd/tui/main.go:113.31,115.2 1 0
github.com/losion445-max/motor-control-hub-v2/cmd/tui/main.go:117.32,119.10 2 0
github.com/losion445-max/motor-control-hub-v2/cmd/tui/main.go:119.10,121.3 1 0
github.com/losion445-max/motor-control-hub-v2/cmd/tui/main.go:122.2,122.54 1 0
github.com/losion445-max/motor-control-hub-v2/cmd/tui/main.go:122.54,122.84 1 0
github.com/losion445-max/motor-control-hub-v2/cmd/tui/main.go:125.39,126.24 1 0
github.com/losion445-max/motor-control-hub-v2/cmd/tui/main.go:126.24,129.3 2 0
github.com/losion445-max/motor-control-hub-v2/cmd/tui/main.go:132.41,133.24 1 0
github.com/losion445-max/motor-control-hub-v2/cmd/tui/main.go:133.24,136.3 2 0
github.com/losion445-max/motor-control-hub-v2/cmd/tui/main.go:139.75,140.24 1 0
github.com/losion445-max/motor-control-hub-v2/cmd/tui/main.go:140.24,142.17 2 0
github.com/losion445-max/motor-control-hub-v2/cmd/tui/main.go:142.17,144.4 1 0
github.com/losion445-max/motor-control-hub-v2/cmd/tui/main.go:145.3,145.63 1 0
github.com/losion445-max/motor-control-hub-v2/cmd/tui/main.go:145.63,147.4 1 0
github.com/losion445-max/motor-control-hub-v2/cmd/tui/main.go:149.3,150.17 2 0
github.com/losion445-max/motor-control-hub-v2/cmd/tui/main.go:150.17,152.4 1 0
github.com/losion445-max/motor-control-hub-v2/cmd/tui/main.go:153.3,153.55 1 0
github.com/losion445-max/motor-control-hub-v2/cmd/tui/main.go:157.57,158.27 1 0
github.com/losion445-max/motor-control-hub-v2/cmd/tui/main.go:160.22,162.21 2 0
github.com/losion445-max/motor-control-hub-v2/cmd/tui/main.go:162.21,165.30 2 0
github.com/losion445-max/motor-control-hub-v2/cmd/tui/main.go:165.30,167.52 2 0
github.com/losion445-max/motor-control-hub-v2/cmd/tui/main.go:167.52,168.49 1 0
github.com/losion445-max/motor-control-hub-v2/cmd/tui/main.go:168.49,170.7 1 0
github.com/losion445-max/motor-control-hub-v2/cmd/tui/main.go:170.12,174.7 2 0
github.com/losion445-max/motor-control-hub-v2/cmd/tui/main.go:175.6,175.25 1 0
github.com/losion445-max/motor-control-hub-v2/cmd/tui/main.go:179.3,179.16 1 0
github.com/losion445-max/motor-control-hub-v2/cmd/tui/main.go:181.20,182.21 1 0
github.com/losion445-max/motor-control-hub-v2/cmd/tui/main.go:182.21,184.4 1 0
github.com/losion445-max/motor-control-hub-v2/cmd/tui/main.go:185.3,185.16 1 0
github.com/losion445-max/motor-control-hub-v2/cmd/tui/main.go:187.21,188.21 1 0
github.com/losion445-max/motor-control-hub-v2/cmd/tui/main.go:188.21,192.4 3 0
github.com/losion445-max/motor-control-hub-v2/cmd/tui/main.go:193.3,197.25 5 0
github.com/losion445-max/motor-control-hub-v2/cmd/tui/main.go:199.15,200.70 1 0
github.com/losion445-max/motor-control-hub-v2/cmd/tui/main.go:202.18,203.17 1 0
github.com/losion445-max/motor-control-hub-v2/cmd/tui/main.go:206.23,207.24 1 0
github.com/losion445-max/motor-control-hub-v2/cmd/tui/main.go:208.15,211.28 3 0
github.com/losion445-max/motor-control-hub-v2/cmd/tui/main.go:212.17,214.18 2 0
github.com/losion445-max/motor-control-hub-v2/cmd/tui/main.go:215.21,216.28 1 0
github.com/losion445-max/motor-control-hub-v2/cmd/tui/main.go:216.28,218.6 1 0
github.com/losion445-max/motor-control-hub-v2/cmd/tui/main.go:219.12,222.38 2 0
github.com/losion445-max/motor-control-hub-v2/cmd/tui/main.go:222.38,224.6 1 0
github.com/losion445-max/motor-control-hub-v2/cmd/tui/main.go:224.11,224.54 1 0
github.com/losion445-max/motor-control-hub-v2/cmd/tui/main.go:224.54,226.6 1 0
github.com/losion445-max/motor-control-hub-v2/cmd/tui/main.go:228.4,228.17 1 0
github.com/losion445-max/motor-control-hub-v2/cmd/tui/main.go:231.21,232.52 1 0
github.com/losion445-max/motor-control-hub-v2/cmd/tui/main.go:232.52,233.48 1 0
github.com/losion445-max/motor-control-hub-v2/cmd/tui/main.go:233.48,235.6 1 0
github.com/losion445-max/motor-control-hub-v2/cmd/tui/main.go:235.11,238.25 3 0
github.com/losion445-max/motor-control-hub-v2/cmd/tui/main.go:238.25,240.7 1 0
github.com/losion445-max/motor-control-hub-v2/cmd/tui/main.go:241.6,242.72 2 0
github.com/losion445-max/motor-control-hub-v2/cmd/tui/main.go:244.5,244.24 1 0
github.com/losion445-max/motor-control-hub-v2/cmd/tui/main.go:246.4,246.17 1 0
github.com/losion445-max/motor-control-hub-v2/cmd/tui/main.go:249.11,250.24 1 0
github.com/losion445-max/motor-control-hub-v2/cmd/tui/main.go:251.23,252.23 1 0
github.com/losion445-max/motor-control-hub-v2/cmd/tui/main.go:254.13,255.47 1 0
github.com/losion445-max/motor-control-hub-v2/cmd/tui/main.go:255.47,257.6 1 0
github.com/losion445-max/motor-control-hub-v2/cmd/tui/main.go:257.11,260.6 2 0
github.com/losion445-max/motor-control-hub-v2/cmd/tui/main.go:262.13,263.48 1 0
github.com/losion445-max/motor-control-hub-v2/cmd/tui/main.go:263.48,265.6 1 0
github.com/losion445-max/motor-control-hub-v2/cmd/tui/main.go:265.11,268.6 2 0
github.com/losion445-max/motor-control-hub-v2/cmd/tui/main.go:270.13,272.17 2 0
github.com/losion445-max/motor-control-hub-v2/cmd/tui/main.go:272.17,274.6 1 0
github.com/losion445-max/motor-control-hub-v2/cmd/tui/main.go:275.5,275.53 1 0
github.com/losion445-max/motor-control-hub-v2/cmd/tui/main.go:275.53,278.6 2 0
github.com/losion445-max/motor-control-hub-v2/cmd/tui/main.go:279.5,281.46 3 0
github.com/losion445-max/motor-control-hub-v2/cmd/tui/main.go:281.46,283.6 1 0
github.com/losion445-max/motor-control-hub-v2/cmd/tui/main.go:283.11,285.6 1 0
github.com/losion445-max/motor-control-hub-v2/cmd/tui/main.go:286.5,286.31 1 0
github.com/losion445-max/motor-control-hub-v2/cmd/tui/main.go:288.13,289.31 1 0
github.com/losion445-max/motor-control-hub-v2/cmd/tui/main.go:291.19,293.19 2 0
github.com/losion445-max/motor-control-hub-v2/cmd/tui/main.go:294.21,296.19 2 0
github.com/losion445-max/motor-control-hub-v2/cmd/tui/main.go:297.16,299.19 2 0
github.com/losion445-max/motor-control-hub-v2/cmd/tui/main.go:300.18,302.19 2 0
github.com/losion445-max/motor-control-hub-v2/cmd/tui/main.go:303.13,305.19 2 0
github.com/losion445-max/motor-control-hub-v2/cmd/tui/main.go:307.13,310.117 3 0
github.com/losion445-max/motor-control-hub-v2/cmd/tui/main.go:312.13,313.46 1 0
github.com/losion445-max/motor-control-hub-v2/cmd/tui/main.go:313.46,315.6 1 0
github.com/losion445-max/motor-control-hub-v2/cmd/tui/main.go:315.11,317.6 1 0
github.com/losion445-max/motor-control-hub-v2/cmd/tui/main.go:319.4,319.17 1 0
github.com/losion445-max/motor-control-hub-v2/cmd/tui/main.go:322.2,322.15 1 0
github.com/losion445-max/motor-control-hub-v2/cmd/tui/main.go:325.30,326.68 1 0
github.com/losion445-max/motor-control-hub-v2/cmd/tui/main.go:326.68,328.3 1 0
github.com/losion445-max/motor-control-hub-v2/cmd/tui/main.go:328.8,330.3 1 0
github.com/losion445-max/motor-control-hub-v2/cmd/tui/main.go:333.51,335.31 2 0
github.com/losion445-max/motor-control-hub-v2/cmd/tui/main.go:335.31,340.3 4 0
github.com/losion445-max/motor-control-hub-v2/cmd/tui/main.go:341.2,342.15 2 0
github.com/losion445-max/motor-control-hub-v2/cmd/tui/main.go:342.15,344.3 1 0
github.com/losion445-max/motor-control-hub-v2/cmd/tui/main.go:345.2,345.16 1 0
github.com/losion445-max/motor-control-hub-v2/cmd/tui/main.go:345.16,347.3 1 0
github.com/losion445-max/motor-control-hub-v2/cmd/tui/main.go:348.2,352.46 5 0
github.com/losion445-max/motor-control-hub-v2/cmd/tui/main.go:355.34,355.67 2 0
github.com/losion445-max/motor-control-hub-v2/cmd/tui/main.go:356.34,356.66 2 0
github.com/losion445-max/motor-control-hub-v2/cmd/tui/main.go:358.27,359.11 1 0
github.com/losion445-max/motor-control-hub-v2/cmd/tui/main.go:359.11,361.3 1 0
github.com/losion445-max/motor-control-hub-v2/cmd/tui/main.go:362.2,362.10 1 0
github.com/losion445-max/motor-control-hub-v2/cmd/tui/main.go:365.31,366.12 1 0
github.com/losion445-max/motor-control-hub-v2/cmd/tui/main.go:366.12,368.3 1 0
github.com/losion445-max/motor-control-hub-v2/cmd/tui/main.go:369.2,369.12 1 0
github.com/losion445-max/motor-control-hub-v2/cmd/tui/main.go:369.12,371.3 1 0
github.com/losion445-max/motor-control-hub-v2/cmd/tui/main.go:372.2,372.10 1 0
github.com/losion445-max/motor-control-hub-v2/cmd/tui/main.go:375.41,376.13 1 0
github.com/losion445-max/motor-control-hub-v2/cmd/tui/main.go:376.13,378.3 1 0
github.com/losion445-max/motor-control-hub-v2/cmd/tui/main.go:379.2,379.15 1 0
github.com/losion445-max/motor-control-hub-v2/cmd/tui/main.go:379.15,381.3 1 0
github.com/losion445-max/motor-control-hub-v2/cmd/tui/main.go:382.2,385.52 3 0
github.com/losion445-max/motor-control-hub-v2/cmd/tui/main.go:390.30,400.9 4 0
github.com/losion445-max/motor-control-hub-v2/cmd/tui/main.go:401.24,402.86 1 0
github.com/losion445-max/motor-control-hub-v2/cmd/tui/main.go:403.23,404.82 1 0
github.com/losion445-max/motor-control-hub-v2/cmd/tui/main.go:405.10,407.35 2 0
github.com/losion445-max/motor-control-hub-v2/cmd/tui/main.go:407.35,409.4 1 0
github.com/losion445-max/motor-control-hub-v2/cmd/tui/main.go:410.3,410.50 1 0
github.com/losion445-max/motor-control-hub-v2/cmd/tui/main.go:410.50,412.4 1 0
github.com/losion445-max/motor-control-hub-v2/cmd/tui/main.go:413.3,432.23 6 0
github.com/losion445-max/motor-control-hub-v2/cmd/tui/main.go:432.23,434.4 1 0
github.com/losion445-max/motor-control-hub-v2/cmd/tui/main.go:435.3,444.4 2 0
github.com/losion445-max/motor-control-hub-v2/cmd/tui/main.go:447.2,450.16 2 0
github.com/losion445-max/motor-control-hub-v2/cmd/tui/main.go:452.22,456.30 2 0
github.com/losion445-max/motor-control-hub-v2/cmd/tui/main.go:456.30,458.15 2 0
github.com/losion445-max/motor-control-hub-v2/cmd/tui/main.go:458.15,460.7 1 0
github.com/losion445-max/motor-control-hub-v2/cmd/tui/main.go:461.6,461.16 1 0
github.com/losion445-max/motor-control-hub-v2/cmd/tui/main.go:461.16,463.7 1 0
github.com/losion445-max/motor-control-hub-v2/cmd/tui/main.go:464.6,464.14 1 0
github.com/losion445-max/motor-control-hub-v2/cmd/tui/main.go:467.3,479.22 6 0
github.com/losion445-max/motor-control-hub-v2/cmd/tui/main.go:481.20,483.22 2 0
github.com/losion445-max/motor-control-hub-v2/cmd/tui/main.go:483.22,485.4 1 0
github.com/losion445-max/motor-control-hub-v2/cmd/tui/main.go:486.3,488.17 3 0
github.com/losion445-max/motor-control-hub-v2/cmd/tui/main.go:488.17,490.17 2 0
github.com/losion445-max/motor-control-hub-v2/cmd/tui/main.go:490.17,492.5 1 0
github.com/losion445-max/motor-control-hub-v2/cmd/tui/main.go:495.3,509.64 4 0
github.com/losion445-max/motor-control-hub-v2/cmd/tui/main.go:511.10,515.19 2 0
github.com/losion445-max/motor-control-hub-v2/cmd/tui/main.go:515.19,517.4 1 0
github.com/losion445-max/motor-control-hub-v2/cmd/tui/main.go:517.9,519.33 2 0
github.com/losion445-max/motor-control-hub-v2/cmd/tui/main.go:519.33,520.11 1 0
github.com/losion445-max/motor-control-hub-v2/cmd/tui/main.go:520.11,522.6 1 0
github.com/losion445-max/motor-control-hub-v2/cmd/tui/main.go:523.5,523.35 1 0
github.com/losion445-max/motor-control-hub-v2/cmd/tui/main.go:525.4,538.45 7 0
github.com/losion445-max/motor-control-hub-v2/cmd/tui/main.go:538.45,540.5 1 0
github.com/losion445-max/motor-control-hub-v2/cmd/tui/main.go:542.3,542.22 1 0
github.com/losion445-max/motor-control-hub-v2/cmd/tui/main.go:546.2,546.26 1 0
github.com/losion445-max/motor-control-hub-v2/cmd/tui/main.go:546.26,549.16 3 0
github.com/losion445-max/motor-control-hub-v2/cmd/tui/main.go:549.16,551.4 1 0
github.com/losion445-max/motor-control-hub-v2/cmd/tui/main.go:552.3,553.19 2 0
github.com/losion445-max/motor-control-hub-v2/cmd/tui/main.go:553.19,555.4 1 0
github.com/losion445-max/motor-control-hub-v2/cmd/tui/main.go:556.3,565.44 5 0
github.com/losion445-max/motor-control-hub-v2/cmd/tui/main.go:565.44,567.28 2 0
github.com/losion445-max/motor-control-hub-v2/cmd/tui/main.go:567.28,569.5 1 0
github.com/losion445-max/motor-control-hub-v2/cmd/tui/main.go:570.4,570.44 1 0
github.com/losion445-max/motor-control-hub-v2/cmd/tui/main.go:572.3,572.70 1 0
github.com/losion445-max/motor-control-hub-v2/cmd/tui/main.go:576.2,576.15 1 0
github.com/losion445-max/motor-control-hub-v2/cmd/tui/main.go:576.15,578.3 1 0
github.com/losion445-max/motor-control-hub-v2/cmd/tui/main.go:578.8,580.3 1 0
github.com/losion445-max/motor-control-hub-v2/cmd/tui/main.go:582.2,582.19 1 0
github.com/losion445-max/motor-control-hub-v2/cmd/tui/main.go:587.36,588.14 1 0
github.com/losion445-max/motor-control-hub-v2/cmd/tui/main.go:589.24,590.30 1 0
github.com/losion445-max/motor-control-hub-v2/cmd/tui/main.go:591.21,592.32 1 0
github.com/losion445-max/motor-control-hub-v2/cmd/tui/main.go:593.22,594.28 1 0
github.com/losion445-max/motor-control-hub-v2/cmd/tui/main.go:595.10,596.44 1 0
github.com/losion445-max/motor-control-hub-v2/cmd/tui/main.go:600.36,601.11 1 0
github.com/losion445-max/motor-control-hub-v2/cmd/tui/main.go:602.9,603.34 1 0
github.com/losion445-max/motor-control-hub-v2/cmd/tui/main.go:604.9,605.31 1 0
github.com/losion445-max/motor-control-hub-v2/cmd/tui/main.go:606.10,607.30 1 0
github.com/losion445-max/motor-control-hub-v2/cmd/tui/main.go:611.37,612.11 1 0
github.com/losion445-max/motor-control-hub-v2/cmd/tui/main.go:613.9,614.28 1 0
github.com/losion445-max/motor-control-hub-v2/cmd/tui/main.go:615.9,616.39 1 0
github.com/losion445-max/motor-control-hub-v2/cmd/tui/main.go:617.9,618.41 1 0
github.com/losion445-max/motor-control-hub-v2/cmd/tui/main.go:619.9,620.30 1 0
github.com/losion445-max/motor-control-hub-v2/cmd/tui/main.go:621.10,622.30 1 0
github.com/losion445-max/motor-control-hub-v2/cmd/tui/main.go:626.32,627.11 1 0
github.com/losion445-max/motor-control-hub-v2/cmd/tui/main.go:628.9,629.19 1 0
github.com/losion445-max/motor-control-hub-v2/cmd/tui/main.go:630.10,631.20 1 0
github.com/losion445-max/motor-control-hub-v2/cmd/tui/main.go:632.10,633.20 1 0
github.com/losion445-max/motor-control-hub-v2/cmd/tui/main.go:634.10,635.40 1 0
github.com/losion445-max/motor-control-hub-v2/cmd/tui/main.go:641.13,648.38 6 0
github.com/losion445-max/motor-control-hub-v2/cmd/tui/main.go:648.38,654.3 5 0
github.com/losion445-max/motor-control-hub-v2/cmd/tui/main.go:655.2,658.38 3 0
github.com/losion445-max/motor-control-hub-v2/cmd/tui/main.go:658.38,661.3 2 0
github.com/losion445-max/motor-control-hub-v2/cmd/main.go:79.13,110.19 29 0
github.com/losion445-max/motor-control-hub-v2/cmd/main.go:110.19,112.3 1 0
github.com/losion445-max/motor-control-hub-v2/cmd/main.go:114.2,115.38 2 0
github.com/losion445-max/motor-control-hub-v2/cmd/main.go:115.38,121.3 5 0
github.com/losion445-max/motor-control-hub-v2/cmd/main.go:122.2,126.17 3 0
github.com/losion445-max/motor-control-hub-v2/cmd/main.go:126.17,132.3 5 0
github.com/losion445-max/motor-control-hub-v2/cmd/main.go:135.2,135.17 1 0
github.com/losion445-max/motor-control-hub-v2/cmd/main.go:135.17,142.3 6 0
github.com/losion445-max/motor-control-hub-v2/cmd/main.go:145.2,145.35 1 0
github.com/losion445-max/motor-control-hub-v2/cmd/main.go:145.35,147.19 2 0
github.com/losion445-max/motor-control-hub-v2/cmd/main.go:147.19,151.4 3 0
github.com/losion445-max/motor-control-hub-v2/cmd/main.go:151.9,155.4 3 0
github.com/losion445-max/motor-control-hub-v2/cmd/main.go:156.3,156.9 1 0
github.com/losion445-max/motor-control-hub-v2/cmd/main.go:160.2,160.17 1 0
github.com/losion445-max/motor-control-hub-v2/cmd/main.go:160.17,166.3 5 0
github.com/losion445-max/motor-control-hub-v2/cmd/main.go:169.2,169.17 1 0
github.com/losion445-max/motor-control-hub-v2/cmd/main.go:169.17,175.3 5 0
github.com/losion445-max/motor-control-hub-v2/cmd/main.go:178.2,178.29 1 0
github.com/losion445-max/motor-control-hub-v2/cmd/main.go:178.29,181.18 3 0
github.com/losion445-max/motor-control-hub-v2/cmd/main.go:181.18,183.4 1 0
github.com/losion445-max/motor-control-hub-v2/cmd/main.go:184.3,185.57 2 0
github.com/losion445-max/motor-control-hub-v2/cmd/main.go:185.57,188.19 3 0
github.com/losion445-max/motor-control-hub-v2/cmd/main.go:188.19,190.5 1 0
github.com/losion445-max/motor-control-hub-v2/cmd/main.go:190.10,192.5 1 0
github.com/losion445-max/motor-control-hub-v2/cmd/main.go:193.4,193.18 1 0
github.com/losion445-max/motor-control-hub-v2/cmd/main.go:193.18,195.5 1 0
github.com/losion445-max/motor-control-hub-v2/cmd/main.go:195.10,197.5 1 0
github.com/losion445-max/motor-control-hub-v2/cmd/main.go:199.3,200.9 2 0
github.com/losion445-max/motor-control-hub-v2/cmd/main.go:204.2,205.19 2 0
github.com/losion445-max/motor-control-hub-v2/cmd/main.go:205.19,207.3 1 0
github.com/losion445-max/motor-control-hub-v2/cmd/main.go:207.8,209.3 1 0
github.com/losion445-max/motor-control-hub-v2/cmd/main.go:210.2,210.23 1 0
github.com/losion445-max/motor-control-hub-v2/cmd/main.go:210.23,217.3 6 0
github.com/losion445-max/motor-control-hub-v2/cmd/main.go:220.2,220.29 1 0
github.com/losion445-max/motor-control-hub-v2/cmd/main.go:220.29,227.15 5 0
github.com/losion445-max/motor-control-hub-v2/cmd/main.go:227.15,229.4 1 0
github.com/losion445-max/motor-control-hub-v2/cmd/main.go:230.3,230.15 1 0
github.com/losion445-max/motor-control-hub-v2/cmd/main.go:230.15,232.4 1 0
github.com/losion445-max/motor-control-hub-v2/cmd/main.go:235.2,235.36 1 0
github.com/losion445-max/motor-control-hub-v2/cmd/main.go:240.54,243.33 3 0
github.com/losion445-max/motor-control-hub-v2/cmd/main.go:243.33,246.17 3 0
github.com/losion445-max/motor-control-hub-v2/cmd/main.go:246.17,249.4 2 0
github.com/losion445-max/motor-control-hub-v2/cmd/main.go:249.9,251.4 1 0
github.com/losion445-max/motor-control-hub-v2/cmd/main.go:252.3,252.36 1 0
github.com/losion445-max/motor-control-hub-v2/cmd/main.go:254.2,254.14 1 0
github.com/losion445-max/motor-control-hub-v2/cmd/main.go:257.35,259.16 2 0
github.com/losion445-max/motor-control-hub-v2/cmd/main.go:259.16,262.3 2 0
github.com/losion445-max/motor-control-hub-v2/cmd/main.go:264.2,265.22 2 0
github.com/losion445-max/motor-control-hub-v2/cmd/main.go:265.22,267.3 1 0
github.com/losion445-max/motor-control-hub-v2/cmd/main.go:269.2,283.191 15 0
github.com/losion445-max/motor-control-hub-v2/cmd/main.go:286.35,288.30 2 0
github.com/losion445-max/motor-control-hub-v2/cmd/main.go:288.30,290.17 2 0
github.com/losion445-max/motor-control-hub-v2/cmd/main.go:290.17,292.12 2 0
github.com/losion445-max/motor-control-hub-v2/cmd/main.go:294.3,295.33 1 0
github.com/losion445-max/motor-control-hub-v2/cmd/main.go:297.2,297.191 1 0
github.com/losion445-max/motor-control-hub-v2/cmd/main.go:300.32,301.18 1 0
github.com/losion445-max/motor-control-hub-v2/cmd/main.go:301.18,304.3 2 0
github.com/losion445-max/motor-control-hub-v2/cmd/main.go:307.23,308.16 1 0
github.com/losion445-max/motor-control-hub-v2/cmd/main.go:308.16,311.3 2 0
github.com/losion445-max/motor-control-hub-v2/pkg/config/config.go:160.41,162.16 2 0
github.com/losion445-max/motor-control-hub-v2/pkg/config/config.go:162.16,164.3 1 0
github.com/losion445-max/motor-control-hub-v2/pkg/config/config.go:165.2,169.16 4 0
github.com/losion445-max/motor-control-hub-v2/pkg/config/config.go:169.16,171.3 1 0
github.com/losion445-max/motor-control-hub-v2/pkg/config/config.go:174.2,174.45 1 0
github.com/losion445-max/motor-control-hub-v2/pkg/config/config.go:174.45,176.3 1 0
github.com/losion445-max/motor-control-hub-v2/pkg/config/config.go:178.2,178.39 1 0
github.com/losion445-max/motor-control-hub-v2/pkg/config/config.go:178.39,180.3 1 0
github.com/losion445-max/motor-control-hub-v2/pkg/config/config.go:181.2,181.18 1 0
github.com/losion445-max/motor-control-hub-v2/pkg/config/config.go:184.35,185.57 1 0
github.com/losion445-max/motor-control-hub-v2/pkg/config/config.go:185.57,187.3 1 0
github.com/losion445-max/motor-control-hub-v2/pkg/config/config.go:188.2,188.34 1 0
github.com/losion445-max/motor-control-hub-v2/pkg/config/config.go:188.34,190.3 1 0
github.com/losion445-max/motor-control-hub-v2/pkg/config/config.go:191.2,191.28 1 0
github.com/losion445-max/motor-control-hub-v2/pkg/config/config.go:191.28,193.3 1 0
github.com/losion445-max/motor-control-hub-v2/pkg/config/config.go:194.2,194.66 1 0
github.com/losion445-max/motor-control-hub-v2/pkg/config/config.go:194.66,196.3 1 0
github.com/losion445-max/motor-control-hub-v2/pkg/config/config.go:197.2,197.12 1 0
github.com/losion445-max/motor-control-hub-v2/cmd/test/main.go:10.13,16.41 5 0
github.com/losion445-max/motor-control-hub-v2/cmd/test/main.go:16.41,18.3 1 0
github.com/losion445-max/motor-control-hub-v2/cmd/test/main.go:19.2,21.28 2 0
github.com/losion445-max/motor-control-hub-v2/cmd/test/main.go:21.28,25.3 3 0
github.com/losion445-max/motor-control-hub-v2/pkg/usecase/usecase.go:94.33,99.2 1 1
github.com/losion445-max/motor-control-hub-v2/pkg/usecase/usecase.go:103.51,107.2 3 1
github.com/losion445-max/motor-control-hub-v2/pkg/usecase/usecase.go:110.53,114.2 3 1
github.com/losion445-max/motor-control-hub-v2/pkg/usecase/usecase.go:118.88,121.6 3 1
github.com/losion445-max/motor-control-hub-v2/pkg/usecase/usecase.go:121.6,122.10 1 1
github.com/losion445-max/motor-control-hub-v2/pkg/usecase/usecase.go:123.21,124.10 1 1
github.com/losion445-max/motor-control-hub-v2/pkg/usecase/usecase.go:125.14,126.32 1 1
github.com/losion445-max/motor-control-hub-v2/pkg/usecase/usecase.go:131.44,134.25 3 1
github.com/losion445-max/motor-control-hub-v2/pkg/usecase/usecase.go:134.25,135.10 1 1
github.com/losion445-max/motor-control-hub-v2/pkg/usecase/usecase.go:136.17,136.17 0 1
github.com/losion445-max/motor-control-hub-v2/pkg/usecase/usecase.go:137.11,137.11 0 1
github.com/losion445-max/motor-control-hub-v2/pkg/usecase/usecase.go:142.44,147.27 4 1
github.com/losion445-max/motor-control-hub-v2/pkg/usecase/usecase.go:147.27,149.19 2 1
github.com/losion445-max/motor-control-hub-v2/pkg/usecase/usecase.go:149.19,151.4 1 0
github.com/losion445-max/motor-control-hub-v2/pkg/usecase/usecase.go:151.9,151.29 1 1
github.com/losion445-max/motor-control-hub-v2/pkg/usecase/usecase.go:151.29,155.4 3 0
github.com/losion445-max/motor-control-hub-v2/pkg/usecase/usecase.go:156.3,156.17 1 1
github.com/losion445-max/motor-control-hub-v2/pkg/usecase/usecase.go:159.2,172.3 4 1
github.com/losion445-max/motor-control-hub-v2/pkg/usecase/usecase.go:177.64,180.12 3 1
github.com/losion445-max/motor-control-hub-v2/pkg/usecase/usecase.go:180.12,182.3 1 1
github.com/losion445-max/motor-control-hub-v2/pkg/usecase/usecase.go:183.2,185.13 3 1
github.com/losion445-max/motor-control-hub-v2/pkg/usecase/usecase.go:188.34,193.2 4 1
github.com/losion445-max/motor-control-hub-v2/pkg/usecase/usecase.go:199.73,203.24 3 1
github.com/losion445-max/motor-control-hub-v2/pkg/usecase/usecase.go:203.24,206.3 2 1
github.com/losion445-max/motor-control-hub-v2/pkg/usecase/usecase.go:207.2,210.44 3 1
github.com/losion445-max/motor-control-hub-v2/pkg/usecase/usecase.go:210.44,213.3 2 1
github.com/losion445-max/motor-control-hub-v2/pkg/usecase/usecase.go:214.2,215.102 2 1
github.com/losion445-max/motor-control-hub-v2/pkg/usecase/usecase.go:219.89,223.24 3 1
github.com/losion445-max/motor-control-hub-v2/pkg/usecase/usecase.go:223.24,226.3 2 1
github.com/losion445-max/motor-control-hub-v2/pkg/usecase/usecase.go:227.2,230.59 3 1
github.com/losion445-max/motor-control-hub-v2/pkg/usecase/usecase.go:230.59,233.3 2 1
github.com/losion445-max/motor-control-hub-v2/pkg/usecase/usecase.go:234.2,234.82 1 1
github.com/losion445-max/motor-control-hub-v2/pkg/usecase/usecase.go:238.89,242.24 3 1
github.com/losion445-max/motor-control-hub-v2/pkg/usecase/usecase.go:242.24,245.3 2 0
github.com/losion445-max/motor-control-hub-v2/pkg/usecase/usecase.go:246.2,249.59 3 1
github.com/losion445-max/motor-control-hub-v2/pkg/usecase/usecase.go:249.59,252.3 2 1
github.com/losion445-max/motor-control-hub-v2/pkg/usecase/usecase.go:253.2,253.82 1 1
github.com/losion445-max/motor-control-hub-v2/pkg/usecase/usecase.go:258.102,263.16 4 1
github.com/losion445-max/motor-control-hub-v2/pkg/usecase/usecase.go:263.16,266.3 2 0
github.com/losion445-max/motor-control-hub-v2/pkg/usecase/usecase.go:268.2,268.24 1 1
github.com/losion445-max/motor-control-hub-v2/pkg/usecase/usecase.go:268.24,271.3 2 1
github.com/losion445-max/motor-control-hub-v2/pkg/usecase/usecase.go:272.2,276.63 3 1
github.com/losion445-max/motor-control-hub-v2/pkg/usecase/usecase.go:276.63,279.3 2 0
github.com/losion445-max/motor-control-hub-v2/pkg/usecase/usecase.go:280.2,281.104 2 1
github.com/losion445-max/motor-control-hub-v2/pkg/usecase/usecase.go:285.37,287.23 2 1
github.com/losion445-max/motor-control-hub-v2/pkg/usecase/usecase.go:287.23,289.3 1 1
github.com/losion445-max/motor-control-hub-v2/pkg/usecase/usecase.go:290.2,291.32 2 1
github.com/losion445-max/motor-control-hub-v2/pkg/usecase/usecase.go:295.44,297.2 1 1
github.com/losion445-max/motor-control-hub-v2/pkg/usecase/usecase.go:300.46,303.2 2 1
